<?xml version="1.0" encoding="UTF-8"?>
<testng-results skipped="0" failed="0" ignored="0" total="1" passed="1">
  <reporter-output>
  </reporter-output>
  <suite name="Default suite" duration-ms="38791" started-at="2019-05-31T05:32:17Z" finished-at="2019-05-31T05:32:56Z">
    <groups>
    </groups>
    <test name="Default test" duration-ms="38791" started-at="2019-05-31T05:32:17Z" finished-at="2019-05-31T05:32:56Z">
      <class name="appium.Pixhub">
        <test-method status="PASS" signature="f()[pri:0, instance:appium.Pixhub@2eda0940]" name="f" duration-ms="38717" started-at="2019-05-31T05:32:17Z" finished-at="2019-05-31T05:32:55Z">
          <reporter-output>
          </reporter-output>
        </test-method> <!-- f -->
      </class> <!-- appium.Pixhub -->
    </test> <!-- Default test -->
  </suite> <!-- Default suite -->
</testng-results>
